[    0.000000] Linux version 4.15.0-194-generic (buildd@lcy02-amd64-052) (gcc version 7.5.0 (Ubuntu 7.5.0-3ubuntu1~18.04)) #205-Ubuntu SMP Fri Sep 16 19:49:27 UTC 2022 (Ubuntu 4.15.0-194.205-generic 4.15.18)
[    0.000000] Command line: BOOT_IMAGE=/boot/vmlinuz-4.15.0-194-generic root=LABEL=cloudimg-rootfs ro console=tty1 console=ttyS0
[    0.000000] KERNEL supported cpus:
[    0.000000]   Intel GenuineIntel
[    0.000000]   AMD AuthenticAMD
[    0.000000]   Centaur CentaurHauls
[    0.000000] [Firmware Bug]: TSC doesn't count with P0 frequency!
[    0.000000] x86/fpu: Supporting XSAVE feature 0x001: 'x87 floating point registers'
[    0.000000] x86/fpu: Supporting XSAVE feature 0x002: 'SSE registers'
[    0.000000] x86/fpu: Supporting XSAVE feature 0x004: 'AVX registers'
[    0.000000] x86/fpu: xstate_offset[2]:  576, xstate_sizes[2]:  256
[    0.000000] x86/fpu: Enabled xstate features 0x7, context size is 832 bytes, using 'standard' format.
[    0.000000] e820: BIOS-provided physical RAM map:
[    0.000000] BIOS-e820: [mem 0x0000000000000000-0x000000000009fbff] usable
[    0.000000] BIOS-e820: [mem 0x000000000009fc00-0x000000000009ffff] reserved
[    0.000000] BIOS-e820: [mem 0x00000000000f0000-0x00000000000fffff] reserved
[    0.000000] BIOS-e820: [mem 0x0000000000100000-0x000000003ffeffff] usable
[    0.000000] BIOS-e820: [mem 0x000000003fff0000-0x000000003fffffff] ACPI data
[    0.000000] BIOS-e820: [mem 0x00000000fec00000-0x00000000fec00fff] reserved
[    0.000000] BIOS-e820: [mem 0x00000000fee00000-0x00000000fee00fff] reserved
[    0.000000] BIOS-e820: [mem 0x00000000fffc0000-0x00000000ffffffff] reserved
[    0.000000] NX (Execute Disable) protection: active
[    0.000000] SMBIOS 2.5 present.
[    0.000000] DMI: innotek GmbH VirtualBox/VirtualBox, BIOS VirtualBox 12/01/2006
[    0.000000] Hypervisor detected: KVM
[    0.000000] e820: last_pfn = 0x3fff0 max_arch_pfn = 0x400000000
[    0.000000] MTRR: Disabled
[    0.000000] x86/PAT: MTRRs disabled, skipping PAT initialization too.
[    0.000000] CPU MTRRs all blank - virtualized system.
[    0.000000] x86/PAT: Configuration [0-7]: WB  WT  UC- UC  WB  WT  UC- UC  
[    0.000000] found SMP MP-table at [mem 0x0009fff0-0x0009ffff]
[    0.000000] Scanning 1 areas for low memory corruption
[    0.000000] RAMDISK: [mem 0x359cb000-0x36cdcfff]
[    0.000000] ACPI: Early table checksum verification disabled
[    0.000000] ACPI: RSDP 0x00000000000E0000 000024 (v02 VBOX  )
[    0.000000] ACPI: XSDT 0x000000003FFF0030 00003C (v01 VBOX   VBOXXSDT 00000001 ASL  00000061)
[    0.000000] ACPI: FACP 0x000000003FFF00F0 0000F4 (v04 VBOX   VBOXFACP 00000001 ASL  00000061)
[    0.000000] ACPI: DSDT 0x000000003FFF0470 002325 (v02 VBOX   VBOXBIOS 00000002 INTL 20200925)
[    0.000000] ACPI: FACS 0x000000003FFF0200 000040
[    0.000000] ACPI: FACS 0x000000003FFF0200 000040
[    0.000000] ACPI: APIC 0x000000003FFF0240 00005C (v02 VBOX   VBOXAPIC 00000001 ASL  00000061)
[    0.000000] ACPI: SSDT 0x000000003FFF02A0 0001CC (v01 VBOX   VBOXCPUT 00000002 INTL 20200925)
[    0.000000] ACPI: Reserving FACP table memory at [mem 0x3fff00f0-0x3fff01e3]
[    0.000000] ACPI: Reserving DSDT table memory at [mem 0x3fff0470-0x3fff2794]
[    0.000000] ACPI: Reserving FACS table memory at [mem 0x3fff0200-0x3fff023f]
[    0.000000] ACPI: Reserving FACS table memory at [mem 0x3fff0200-0x3fff023f]
[    0.000000] ACPI: Reserving APIC table memory at [mem 0x3fff0240-0x3fff029b]
[    0.000000] ACPI: Reserving SSDT table memory at [mem 0x3fff02a0-0x3fff046b]
[    0.000000] No NUMA configuration found
[    0.000000] Faking a node at [mem 0x0000000000000000-0x000000003ffeffff]
[    0.000000] NODE_DATA(0) allocated [mem 0x3ffc5000-0x3ffeffff]
[    0.000000] kvm-clock: cpu 0, msr 0:3ff44001, primary cpu clock
[    0.000000] kvm-clock: Using msrs 4b564d01 and 4b564d00
[    0.000000] kvm-clock: using sched offset of 3561000612 cycles
[    0.000000] clocksource: kvm-clock: mask: 0xffffffffffffffff max_cycles: 0x1cd42e4dffb, max_idle_ns: 881590591483 ns
[    0.000000] Zone ranges:
[    0.000000]   DMA      [mem 0x0000000000001000-0x0000000000ffffff]
[    0.000000]   DMA32    [mem 0x0000000001000000-0x000000003ffeffff]
[    0.000000]   Normal   empty
[    0.000000]   Device   empty
[    0.000000] Movable zone start for each node
[    0.000000] Early memory node ranges
[    0.000000]   node   0: [mem 0x0000000000001000-0x000000000009efff]
[    0.000000]   node   0: [mem 0x0000000000100000-0x000000003ffeffff]
[    0.000000] Reserved but unavailable: 104 pages
[    0.000000] Initmem setup node 0 [mem 0x0000000000001000-0x000000003ffeffff]
[    0.000000] ACPI: PM-Timer IO Port: 0x4008
[    0.000000] IOAPIC[0]: apic_id 2, version 32, address 0xfec00000, GSI 0-23
[    0.000000] ACPI: INT_SRC_OVR (bus 0 bus_irq 0 global_irq 2 dfl dfl)
[    0.000000] ACPI: INT_SRC_OVR (bus 0 bus_irq 9 global_irq 9 low level)
[    0.000000] Using ACPI (MADT) for SMP configuration information
[    0.000000] smpboot: Allowing 2 CPUs, 0 hotplug CPUs
[    0.000000] PM: Registered nosave memory: [mem 0x00000000-0x00000fff]
[    0.000000] PM: Registered nosave memory: [mem 0x0009f000-0x0009ffff]
[    0.000000] PM: Registered nosave memory: [mem 0x000a0000-0x000effff]
[    0.000000] PM: Registered nosave memory: [mem 0x000f0000-0x000fffff]
[    0.000000] e820: [mem 0x40000000-0xfebfffff] available for PCI devices
[    0.000000] Booting paravirtualized kernel on KVM
[    0.000000] clocksource: refined-jiffies: mask: 0xffffffff max_cycles: 0xffffffff, max_idle_ns: 7645519600211568 ns
[    0.000000] setup_percpu: NR_CPUS:8192 nr_cpumask_bits:2 nr_cpu_ids:2 nr_node_ids:1
[    0.000000] percpu: Embedded 50 pages/cpu s167936 r8192 d28672 u1048576
[    0.000000] PV qspinlock hash table entries: 256 (order: 0, 4096 bytes)
[    0.000000] Built 1 zonelists, mobility grouping on.  Total pages: 257913
[    0.000000] Policy zone: DMA32
[    0.000000] Kernel command line: BOOT_IMAGE=/boot/vmlinuz-4.15.0-194-generic root=LABEL=cloudimg-rootfs ro console=tty1 console=ttyS0
[    0.000000] Memory: 982652K/1048120K available (12300K kernel code, 2477K rwdata, 4320K rodata, 2472K init, 2720K bss, 65468K reserved, 0K cma-reserved)
[    0.000000] SLUB: HWalign=64, Order=0-3, MinObjects=0, CPUs=2, Nodes=1
[    0.000000] ftrace: allocating 39477 entries in 155 pages
[    0.004000] Hierarchical RCU implementation.
[    0.004000] 	RCU restricting CPUs from NR_CPUS=8192 to nr_cpu_ids=2.
[    0.004000] 	Tasks RCU enabled.
[    0.004000] RCU: Adjusting geometry for rcu_fanout_leaf=16, nr_cpu_ids=2
[    0.004000] NR_IRQS: 524544, nr_irqs: 440, preallocated irqs: 16
[    0.004000] random: crng init done
[    0.004000] Console: colour VGA+ 80x25
[    0.004000] console [tty1] enabled
[    0.004000] console [ttyS0] enabled
[    0.004000] ACPI: Core revision 20170831
[    0.004000] ACPI: 2 ACPI AML tables successfully acquired and loaded
[    0.004000] APIC: Switch to symmetric I/O mode setup
[    0.004000] x2apic enabled
[    0.004000] Switched APIC routing to physical x2apic.
[    0.004000] ..TIMER: vector=0x30 apic1=0 pin1=2 apic2=-1 pin2=-1
[    0.004000] tsc: Detected 2994.374 MHz processor
[    0.004000] Calibrating delay loop (skipped) preset value.. 5988.74 BogoMIPS (lpj=11977496)
[    0.004000] pid_max: default: 32768 minimum: 301
[    0.004000] Security Framework initialized
[    0.004000] Yama: becoming mindful.
[    0.004000] AppArmor: AppArmor initialized
[    0.004000] Dentry cache hash table entries: 131072 (order: 8, 1048576 bytes)
[    0.004000] Inode-cache hash table entries: 65536 (order: 7, 524288 bytes)
[    0.004000] Mount-cache hash table entries: 2048 (order: 2, 16384 bytes)
[    0.004000] Mountpoint-cache hash table entries: 2048 (order: 2, 16384 bytes)
[    0.004000] Last level iTLB entries: 4KB 1024, 2MB 1024, 4MB 512
[    0.004000] Last level dTLB entries: 4KB 2048, 2MB 2048, 4MB 1024, 1GB 0
[    0.004000] Spectre V1 : Mitigation: usercopy/swapgs barriers and __user pointer sanitization
[    0.004000] Spectre V2 : Mitigation: Retpolines
[    0.004000] Spectre V2 : Spectre v2 / SpectreRSB mitigation: Filling RSB on context switch
[    0.004000] Freeing SMP alternatives memory: 36K
[    0.135157] APIC calibration not consistent with PM-Timer: 111ms instead of 100ms
[    0.136000] APIC delta adjusted to PM-Timer: 6424097 (7139561)
[    0.136089] smpboot: CPU0: AMD Ryzen 5 4600H with Radeon Graphics (family: 0x17, model: 0x60, stepping: 0x1)
[    0.138772] Performance Events: PMU not available due to virtualization, using software events only.
[    0.140069] Hierarchical SRCU implementation.
[    0.141884] NMI watchdog: Perf event create on CPU 0 failed with -2
[    0.144003] NMI watchdog: Perf NMI watchdog permanently disabled
[    0.145669] smp: Bringing up secondary CPUs ...
[    0.146756] x86: Booting SMP configuration:
[    0.148003] .... node  #0, CPUs:      #1
[    0.004000] kvm-clock: cpu 1, msr 0:3ff44041, secondary cpu clock
[    0.152028] smp: Brought up 1 node, 2 CPUs
[    0.153058] smpboot: Max logical packages: 1
[    0.154221] smpboot: Total of 2 processors activated (11977.49 BogoMIPS)
[    0.156237] devtmpfs: initialized
[    0.157096] x86/mm: Memory block size: 128MB
[    0.158447] evm: security.selinux
[    0.159541] evm: security.SMACK64
[    0.160012] evm: security.SMACK64EXEC
[    0.160946] evm: security.SMACK64TRANSMUTE
[    0.161813] evm: security.SMACK64MMAP
[    0.162711] evm: security.apparmor
[    0.163742] evm: security.ima
[    0.164003] evm: security.capability
[    0.164926] clocksource: jiffies: mask: 0xffffffff max_cycles: 0xffffffff, max_idle_ns: 7645041785100000 ns
[    0.166411] futex hash table entries: 512 (order: 3, 32768 bytes)
[    0.169359] pinctrl core: initialized pinctrl subsystem
[    0.172025] RTC time: 14:08:17, date: 10/28/22
[    0.173329] NET: Registered protocol family 16
[    0.174355] audit: initializing netlink subsys (disabled)
[    0.176057] audit: type=2000 audit(1666966103.099:1): state=initialized audit_enabled=0 res=1
[    0.176295] cpuidle: using governor ladder
[    0.180037] cpuidle: using governor menu
[    0.181658] ACPI: bus type PCI registered
[    0.181658] acpiphp: ACPI Hot Plug PCI Controller Driver version: 0.5
[    0.184173] PCI: Using configuration type 1 for base access
[    0.185953] PCI: Using configuration type 1 for extended access
[    0.192053] HugeTLB registered 2.00 MiB page size, pre-allocated 0 pages
[    0.194168] ACPI: Added _OSI(Module Device)
[    0.194168] ACPI: Added _OSI(Processor Device)
[    0.194379] ACPI: Added _OSI(3.0 _SCP Extensions)
[    0.196004] ACPI: Added _OSI(Processor Aggregator Device)
[    0.197283] ACPI: Added _OSI(Linux-Dell-Video)
[    0.198509] ACPI: Added _OSI(Linux-Lenovo-NV-HDMI-Audio)
[    0.199744] ACPI: Added _OSI(Linux-HPI-Hybrid-Graphics)
[    0.200264] ACPI: Executed 1 blocks of module-level executable AML code
[    0.205391] ACPI: Interpreter enabled
[    0.206379] ACPI: (supports S0 S5)
[    0.208003] ACPI: Using IOAPIC for interrupt routing
[    0.209483] PCI: Using host bridge windows from ACPI; if necessary, use "pci=nocrs" and report a bug
[    0.211905] ACPI: Enabled 2 GPEs in block 00 to 07
[    0.217632] ACPI: PCI Root Bridge [PCI0] (domain 0000 [bus 00-ff])
[    0.220010] acpi PNP0A03:00: _OSC: OS supports [ExtendedConfig ASPM ClockPM Segments MSI]
[    0.223108] acpi PNP0A03:00: _OSC: platform does not support [PCIeCapability]
[    0.224583] acpi PNP0A03:00: _OSC: not requesting control; platform does not support [PCIeCapability]
[    0.228004] acpi PNP0A03:00: _OSC: OS requested [PCIeHotplug PME AER PCIeCapability]
[    0.229976] acpi PNP0A03:00: _OSC: platform willing to grant [PCIeHotplug PME AER]
[    0.231774] acpi PNP0A03:00: _OSC failed (AE_SUPPORT); disabling ASPM
[    0.232383] PCI host bridge to bus 0000:00
[    0.233268] pci_bus 0000:00: root bus resource [io  0x0000-0x0cf7 window]
[    0.236012] pci_bus 0000:00: root bus resource [io  0x0d00-0xffff window]
[    0.237754] pci_bus 0000:00: root bus resource [mem 0x000a0000-0x000bffff window]
[    0.239685] pci_bus 0000:00: root bus resource [mem 0x40000000-0xfdffffff window]
[    0.240006] pci_bus 0000:00: root bus resource [bus 00-ff]
[    0.245271] pci 0000:00:01.1: legacy IDE quirk: reg 0x10: [io  0x01f0-0x01f7]
[    0.247087] pci 0000:00:01.1: legacy IDE quirk: reg 0x14: [io  0x03f6]
[    0.248005] pci 0000:00:01.1: legacy IDE quirk: reg 0x18: [io  0x0170-0x0177]
[    0.249812] pci 0000:00:01.1: legacy IDE quirk: reg 0x1c: [io  0x0376]
[    0.274138] pci 0000:00:07.0: quirk: [io  0x4000-0x403f] claimed by PIIX4 ACPI
[    0.276018] pci 0000:00:07.0: quirk: [io  0x4100-0x410f] claimed by PIIX4 SMB
[    0.291279] ACPI: PCI Interrupt Link [LNKA] (IRQs 5 9 10 *11)
[    0.292337] ACPI: PCI Interrupt Link [LNKB] (IRQs 5 9 *10 11)
[    0.293799] ACPI: PCI Interrupt Link [LNKC] (IRQs 5 *9 10 11)
[    0.295333] ACPI: PCI Interrupt Link [LNKD] (IRQs 5 9 10 *11)
[    0.296478] SCSI subsystem initialized
[    0.300101] pci 0000:00:02.0: vgaarb: setting as boot VGA device
[    0.301306] pci 0000:00:02.0: vgaarb: VGA device added: decodes=io+mem,owns=io+mem,locks=none
[    0.301306] pci 0000:00:02.0: vgaarb: bridge control possible
[    0.301444] vgaarb: loaded
[    0.302126] ACPI: bus type USB registered
[    0.304026] usbcore: registered new interface driver usbfs
[    0.305224] usbcore: registered new interface driver hub
[    0.306439] usbcore: registered new device driver usb
[    0.308045] EDAC MC: Ver: 3.0.0
[    0.309403] PCI: Using ACPI for IRQ routing
[    0.312417] NetLabel: Initializing
[    0.313531] NetLabel:  domain hash size = 128
[    0.314898] NetLabel:  protocols = UNLABELED CIPSOv4 CALIPSO
[    0.316029] NetLabel:  unlabeled traffic allowed by default
[    0.317774] clocksource: Switched to clocksource kvm-clock
[    0.324101] VFS: Disk quotas dquot_6.6.0
[    0.324101] VFS: Dquot-cache hash table entries: 512 (order 0, 4096 bytes)
[    0.324101] AppArmor: AppArmor Filesystem Enabled
[    0.324101] pnp: PnP ACPI init
[    0.324101] pnp: PnP ACPI: found 3 devices
[    0.360660] clocksource: acpi_pm: mask: 0xffffff max_cycles: 0xffffff, max_idle_ns: 2085701024 ns
[    0.363585] NET: Registered protocol family 2
[    0.364648] IP idents hash table entries: 16384 (order: 5, 131072 bytes)
[    0.369253] TCP established hash table entries: 8192 (order: 4, 65536 bytes)
[    0.371447] TCP bind hash table entries: 8192 (order: 5, 131072 bytes)
[    0.373064] TCP: Hash tables configured (established 8192 bind 8192)
[    0.373098] UDP hash table entries: 512 (order: 2, 16384 bytes)
[    0.373098] UDP-Lite hash table entries: 512 (order: 2, 16384 bytes)
[    0.373098] NET: Registered protocol family 1
[    0.373098] pci 0000:00:00.0: Limiting direct PCI/PCI transfers
[    0.373098] pci 0000:00:01.0: Activating ISA DMA hang workarounds
[    0.373098] pci 0000:00:02.0: Video device with shadowed ROM at [mem 0x000c0000-0x000dffff]
[    0.373098] Unpacking initramfs...
[    0.373098] Freeing initrd memory: 19528K
[    0.373098] clocksource: tsc: mask: 0xffffffffffffffff max_cycles: 0x2b29828a32c, max_idle_ns: 440795270613 ns
[    0.373098] platform rtc_cmos: registered platform RTC device (no PNP device found)
[    0.373098] Scanning for low memory corruption every 60 seconds
[    0.777920] Initialise system trusted keyrings
[    0.779256] Key type blacklist registered
[    0.780524] workingset: timestamp_bits=36 max_order=18 bucket_order=0
[    0.784227] zbud: loaded
[    0.786369] squashfs: version 4.0 (2009/01/31) Phillip Lougher
[    0.788505] fuse init (API version 7.26)
[    0.794452] Key type asymmetric registered
[    0.795833] Asymmetric key parser 'x509' registered
[    0.797509] Block layer SCSI generic (bsg) driver version 0.4 loaded (major 246)
[    0.800117] io scheduler noop registered
[    0.801239] io scheduler deadline registered
[    0.802418] io scheduler cfq registered (default)
[    0.803979] ACPI: AC Adapter [AC] (off-line)
[    0.805211] input: Power Button as /devices/LNXSYSTM:00/LNXPWRBN:00/input/input0
[    0.806754] ACPI: Power Button [PWRF]
[    0.807458] input: Sleep Button as /devices/LNXSYSTM:00/LNXSLPBN:00/input/input1
[    0.808763] ACPI: Sleep Button [SLPF]
[    0.810407] ACPI: Battery Slot [BAT0] (battery present)
[    0.811380] Serial: 8250/16550 driver, 32 ports, IRQ sharing enabled
[    0.833198] 00:02: ttyS0 at I/O 0x3f8 (irq = 4, base_baud = 115200) is a 16550A
[    0.837225] Linux agpgart interface v0.103
[    0.841334] loop: module loaded
[    0.842921] scsi host0: ata_piix
[    0.843686] scsi host1: ata_piix
[    0.844322] ata1: PATA max UDMA/33 cmd 0x1f0 ctl 0x3f6 bmdma 0xd000 irq 14
[    0.845285] ata2: PATA max UDMA/33 cmd 0x170 ctl 0x376 bmdma 0xd008 irq 15
[    0.846380] tun: Universal TUN/TAP device driver, 1.6
[    0.847201] PPP generic driver version 2.4.2
[    0.847943] ehci_hcd: USB 2.0 'Enhanced' Host Controller (EHCI) Driver
[    0.848876] ehci-pci: EHCI PCI platform driver
[    0.849533] ehci-platform: EHCI generic platform driver
[    0.850278] ohci_hcd: USB 1.1 'Open' Host Controller (OHCI) Driver
[    0.851101] ohci-pci: OHCI PCI platform driver
[    0.851759] ohci-platform: OHCI generic platform driver
[    0.852493] uhci_hcd: USB Universal Host Controller Interface driver
[    0.853458] i8042: PNP: PS/2 Controller [PNP0303:PS2K,PNP0f03:PS2M] at 0x60,0x64 irq 1,12
[    0.855067] serio: i8042 KBD port at 0x60,0x64 irq 1
[    0.855812] serio: i8042 AUX port at 0x60,0x64 irq 12
[    0.856655] mousedev: PS/2 mouse device common for all mice
[    0.858072] input: AT Translated Set 2 keyboard as /devices/platform/i8042/serio0/input/input2
[    0.859596] rtc_cmos rtc_cmos: rtc core: registered rtc_cmos as rtc0
[    0.860633] rtc_cmos rtc_cmos: alarms up to one day, 114 bytes nvram
[    0.861617] i2c /dev entries driver
[    0.862373] device-mapper: uevent: version 1.0.3
[    0.863414] device-mapper: ioctl: 4.37.0-ioctl (2017-09-20) initialised: dm-devel@redhat.com
[    0.865029] ledtrig-cpu: registered to indicate activity on CPUs
[    0.866788] NET: Registered protocol family 10
[    0.873202] Segment Routing with IPv6
[    0.873921] NET: Registered protocol family 17
[    0.874865] Key type dns_resolver registered
[    0.876565] mce: Using 0 MCE banks
[    0.877704] RAS: Correctable Errors collector initialized.
[    0.879394] sched_clock: Marking stable (876477905, 0)->(1086111109, -209633204)
[    0.882178] registered taskstats version 1
[    0.883447] Loading compiled-in X.509 certificates
[    0.888394] Loaded X.509 cert 'Build time autogenerated kernel key: 6303a3b02fa1c7713b8a75ba7ba622fabd5dd271'
[    0.890959] Loaded X.509 cert 'Canonical Ltd. Live Patch Signing: 14df34d1a87cf37625abec039ef2bf521249b969'
[    0.893386] Loaded X.509 cert 'Canonical Ltd. Kernel Module Signing: 88f752e560a1e0737e31163a466ad7b70a850c19'
[    0.895145] blacklist: Loading compiled-in revocation X.509 certificates
[    0.896351] Loaded X.509 cert 'Canonical Ltd. Secure Boot Signing: 61482aa2830d0ab2ad5af10b7250da9033ddcef0'
[    0.898128] zswap: loaded using pool lzo/zbud
[    0.904345] Key type big_key registered
[    0.905084] Key type trusted registered
[    0.908102] Key type encrypted registered
[    0.908892] AppArmor: AppArmor sha1 policy hashing enabled
[    0.909884] ima: No TPM chip found, activating TPM-bypass! (rc=-19)
[    0.910956] ima: Allocated hash algorithm: sha1
[    0.911786] evm: HMAC attrs: 0x1
[    0.912687]   Magic number: 10:678:132
[    0.913536] rtc_cmos rtc_cmos: setting system clock to 2022-10-28 14:08:18 UTC (1666966098)
[    0.915167] BIOS EDD facility v0.16 2004-Jun-25, 0 devices found
[    0.916219] EDD information not available.
[    1.033394] Freeing unused kernel image memory: 2472K
[    1.044206] Write protecting the kernel read-only data: 20480k
[    1.046328] Freeing unused kernel image memory: 2008K
[    1.047821] Freeing unused kernel image memory: 1824K
[    1.059554] x86/mm: Checked W+X mappings: passed, no W+X pages found.
Loading, please wait...
starting version 237
[    1.127279] Fusion MPT base driver 3.04.20
[    1.128334] Copyright (c) 1999-2008 LSI Corporation
[    1.133312] e1000: Intel(R) PRO/1000 Network Driver - version 7.3.21-k8-NAPI
[    1.134630] e1000: Copyright (c) 1999-2006 Intel Corporation.
[    1.145907] Fusion MPT SPI Host driver 3.04.20
[    1.153871] AVX2 version of gcm_enc/dec engaged.
[    1.154707] AES CTR mode by8 optimization enabled
[    1.364778] input: ImExPS/2 Generic Explorer Mouse as /devices/platform/i8042/serio1/input/input4
[    1.500349] e1000 0000:00:03.0 eth0: (PCI:33MHz:32-bit) 02:ef:f7:70:2e:71
[    1.501624] e1000 0000:00:03.0 eth0: Intel(R) PRO/1000 Network Connection
[    2.524706] e1000 0000:00:08.0 eth1: (PCI:33MHz:32-bit) 08:00:27:5d:ba:3a
[    2.525799] e1000 0000:00:08.0 eth1: Intel(R) PRO/1000 Network Connection
[    2.528802] e1000 0000:00:03.0 enp0s3: renamed from eth0
[    2.529668] mptbase: ioc0: Initiating bringup
[    2.553043] e1000 0000:00:08.0 enp0s8: renamed from eth1
[    2.624699] ioc0: LSI53C1030 A0: Capabilities={Initiator}
[    3.287718] scsi host2: ioc0: LSI53C1030 A0, FwRev=00000000h, Ports=1, MaxQ=256, IRQ=20
[    3.456995] scsi 2:0:0:0: Direct-Access     VBOX     HARDDISK         1.0  PQ: 0 ANSI: 5
[    3.484146] scsi target2:0:0: Beginning Domain Validation
[    3.487721] scsi target2:0:0: Domain Validation skipping write tests
[    3.488732] scsi target2:0:0: Ending Domain Validation
[    3.489611] scsi target2:0:0: asynchronous
[    3.491091] scsi 2:0:1:0: Direct-Access     VBOX     HARDDISK         1.0  PQ: 0 ANSI: 5
[    3.524149] scsi target2:0:1: Beginning Domain Validation
[    3.528484] scsi target2:0:1: Domain Validation skipping write tests
[    3.529421] scsi target2:0:1: Ending Domain Validation
[    3.530288] scsi target2:0:1: asynchronous
[    3.535453] sd 2:0:0:0: Attached scsi generic sg0 type 0
[    3.536650] sd 2:0:0:0: [sda] 83886080 512-byte logical blocks: (42.9 GB/40.0 GiB)
[    3.537162] sd 2:0:1:0: Attached scsi generic sg1 type 0
[    3.539762] sd 2:0:0:0: [sda] Write Protect is off
[    3.541148] sd 2:0:1:0: [sdb] 20480 512-byte logical blocks: (10.5 MB/10.0 MiB)
[    3.541478] sd 2:0:0:0: [sda] Incomplete mode parameter data
[    3.544390] sd 2:0:0:0: [sda] Assuming drive cache: write through
[    3.544392] sd 2:0:1:0: [sdb] Write Protect is off
[    3.547585] sd 2:0:1:0: [sdb] Incomplete mode parameter data
[    3.548666] sd 2:0:1:0: [sdb] Assuming drive cache: write through
[    3.552019]  sda: sda1
[    3.554584] sd 2:0:0:0: [sda] Attached SCSI disk
[    3.556509] sd 2:0:1:0: [sdb] Attached SCSI disk
Begin: Loading essential drivers ... [    5.124161] raid6: sse2x1   gen()  4728 MB/s
[    5.172063] raid6: sse2x1   xor()  4694 MB/s
[    5.220228] raid6: sse2x2   gen() 10172 MB/s
[    5.268160] raid6: sse2x2   xor()  6429 MB/s
[    5.316071] raid6: sse2x4   gen()  9833 MB/s
[    5.364077] raid6: sse2x4   xor()  5134 MB/s
[    5.415895] raid6: avx2x1   gen() 11316 MB/s
[    5.464228] raid6: avx2x1   xor()  8033 MB/s
[    5.512109] raid6: avx2x2   gen() 18425 MB/s
[    5.560034] raid6: avx2x2   xor() 11533 MB/s
[    5.608086] raid6: avx2x4   gen() 19499 MB/s
[    5.656230] raid6: avx2x4   xor()  8589 MB/s
[    5.657481] raid6: using algorithm avx2x4 gen() 19499 MB/s
[    5.659072] raid6: .... xor() 8589 MB/s, rmw enabled
[    5.660565] raid6: using avx2x2 recovery algorithm
[    5.665151] xor: automatically using best checksumming function   avx       
[    5.669062] async_tx: api initialized (async)
done.
Begin: Running /scripts/init-premount ... done.
Begin: Mounting root file system ... Begin: Running /scripts/local-top ... done.
Begin: Running /scripts/local-premount ... [    5.743439] Btrfs loaded, crc32c=crc32c-intel
Scanning for Btrfs filesystems
done.
Warning: fsck not present, so skipping root file system
[    5.781940] EXT4-fs (sda1): mounted filesystem with ordered data mode. Opts: (null)
done.
Begin: Running /scripts/local-bottom ... done.
Begin: Running /scripts/init-bottom ... done.
[    5.948262] ip_tables: (C) 2000-2006 Netfilter Core Team
[    5.958591] systemd[1]: systemd 237 running in system mode. (+PAM +AUDIT +SELINUX +IMA +APPARMOR +SMACK +SYSVINIT +UTMP +LIBCRYPTSETUP +GCRYPT +GNUTLS +ACL +XZ +LZ4 +SECCOMP +BLKID +ELFUTILS +KMOD -IDN2 +IDN -PCRE2 default-hierarchy=hybrid)
[    5.964271] systemd[1]: Detected virtualization oracle.
[    5.965819] systemd[1]: Detected architecture x86-64.

Welcome to [1mUbuntu 18.04.6 LTS[0m!

[    5.973348] systemd[1]: Set hostname to <ubuntu>.
[    5.976844] systemd[1]: Initializing machine ID from random generator.
[    5.978710] systemd[1]: Installed transient /etc/machine-id file.
[    6.259771] systemd[1]: Reached target User and Group Name Lookups.
[[0;32m  OK  [0m] Reached target User and Group Name Lookups.
[    6.265391] systemd[1]: Created slice User and Session Slice.
[[0;32m  OK  [0m] Created slice User and Session Slice.
[    6.267824] systemd[1]: Reached target System Time Synchronized.
[[0;32m  OK  [0m] Reached target System Time Synchronized.
[    6.270523] systemd[1]: Created slice System Slice.
[[0;32m  OK  [0m] Created slice System Slice.
[[0;32m  OK  [0m] Listening on fsck to fsckd communication Socket.
[[0;32m  OK  [0m] Listening on Network Service Netlink Socket.
[[0;32m  OK  [0m] Listening on udev Kernel Socket.
[[0;32m  OK  [0m] Created slice system-serial\x2dgetty.slice.
[[0;32m  OK  [0m] Reached target Slices.
[[0;32m  OK  [0m] Listening on LVM2 poll daemon socket.
[[0;32m  OK  [0m] Listening on /dev/initctl Compatibility Named Pipe.
[[0;32m  OK  [0m] Listening on Device-mapper event daemon FIFOs.
[[0;32m  OK  [0m] Listening on Journal Socket.
         Mounting Kernel Debug File System...
         Starting File System Check on Root Device...
         Starting Set the console keyboard layout...
[[0;32m  OK  [0m] Started Forward Password Requests to Wall Directory Watch.
[[0;32m  OK  [0m] Listening on Journal Audit Socket.
[[0;32m  OK  [0m] Listening on Syslog Socket.
         Mounting Huge Pages File System...
         Starting Load Kernel Modules...
[[0;32m  OK  [0m] Listening on Journal Socket (/dev/log).
         Starting Journal Service...
         Starting Uncomplicated firewall...
[[0;32m  OK  [0m] Set up automount Arbitrary Executab…rmats File System Automount Point.
[    6.359858] Loading iSCSI transport class v2.0-870.
[    6.368099] iscsi: registered transport (tcp)
[[0;32m  OK  [0m] Listening on LVM2 metadata daemon socket.
         Starting Monitoring of LVM2 mirrors…ng dmeventd or progress polling...
         Starting Create list of required st…ce nodes for the current kernel...
[[0;32m  OK  [0m] Listening on udev Control Socket.
         Starting udev Coldplug all Devices...
         Mounting POSIX Message Queue File System...
[[0;32m  OK  [0m] Reached target Swap.
[[0;32m  OK  [0m] Mounted Kernel Debug File System.
[[0;32m  OK  [0m] Mounted Huge Pages File System.
[[0;32m  OK  [0m] Started Uncomplicated firewall.
[[0;32m  OK  [0m] Started File System Check Daemon to report status.
[[0;32m  OK  [0m] Started File System Check on Root Device.
         Starting Remount Root and Kernel File Systems...
[[0;32m  OK  [0m] Mounted POSIX Message Queue File System.
[    6.429359] iscsi: registered transport (iser)
[[0;32m  OK  [0m] Started Load Kernel Modules.
         Mounting Kernel Configuration File System...
         Starting Apply Kernel Variables...
         Mounting FUSE Control File System...
[[0;32m  OK  [0m] Started Journal Service.
[[0;32m  OK  [0m] Mounted Kernel Configuration File System.
[[0;32m  OK  [0m] Mounted FUSE Control File System.
[[0;32m  OK  [0m] Started Create list of required sta…vice nodes for the current kernel.
         Starting Create Static Device Nodes in /dev...
[[0;32m  OK  [0m] Started Remount Root and Kernel File Systems.
         Starting Load/Save Random Seed...
         Starting Flush Journal to Persistent Storage...
[[0;32m  OK  [0m] Started Apply Kernel Variables.
[[0;32m  OK  [0m] Started Create Static Device Nodes in /dev.
[[0;32m  OK  [0m] Started udev Coldplug all Devices.
[[0;32m  OK  [0m] Started Load/Save Random Seed.
[[0;32m  OK  [0m] Started LVM2 metadata daemon.
         Starting udev Kernel Device Manager...
[[0;32m  OK  [0m] Started Monitoring of LVM2 mirrors,…sing dmeventd or progress polling.
[[0;32m  OK  [0m] Started udev Kernel Device Manager.
[[0;32m  OK  [0m] Started Flush Journal to Persistent Storage.
[[0;32m  OK  [0m] Found device /dev/ttyS0.
[[0;32m  OK  [0m] Listening on Load/Save RF Kill Switch Status /dev/rfkill Watch.
[[0;32m  OK  [0m] Started Set the console keyboard layout.
[[0;32m  OK  [0m] Started Dispatch Password Requests to Console Directory Watch.
[[0;32m  OK  [0m] Reached target Local Encrypted Volumes.
[[0;32m  OK  [0m] Reached target Local File Systems (Pre).
[[0;32m  OK  [0m] Reached target Local File Systems.
         Starting Create Volatile Files and Directories...
         Starting Commit a transient machine-id on disk...
         Starting Tell Plymouth To Write Out Runtime Data...
         Starting ebtables ruleset management...
         Starting Set console font and keymap...
         Starting AppArmor initialization...
[[0;32m  OK  [0m] Started Tell Plymouth To Write Out Runtime Data.
[[0;32m  OK  [0m] Started Create Volatile Files and Directories.
         Starting Update UTMP about System Boot/Shutdown...
[[0;32m  OK  [0m] Started Update UTMP about System Boot/Shutdown.
[[0;32m  OK  [0m] Started Commit a transient machine-id on disk.
[[0;32m  OK  [0m] Started ebtables ruleset management.
[[0;32m  OK  [0m] Started Set console font and keymap.
[[0;32m  OK  [0m] Started AppArmor initialization.
         Starting Load AppArmor profiles managed internally by snapd...
         Starting Initial cloud-init job (pre-networking)...
[[0;32m  OK  [0m] Started Load AppArmor profiles managed internally by snapd.
[    9.525417] cloud-init[844]: Cloud-init v. 22.3.4-0ubuntu1~18.04.1 running 'init-local' at Fri, 28 Oct 2022 14:08:26 +0000. Up 9.19 seconds.
[[0;32m  OK  [0m] Started Initial cloud-init job (pre-networking).
[[0;32m  OK  [0m] Reached target Network (Pre).
         Starting Network Service...
[[0;32m  OK  [0m] Started Network Service.
         Starting Wait for Network to be Configured...
         Starting Network Name Resolution...
[[0;32m  OK  [0m] Started Network Name Resolution.
[[0;32m  OK  [0m] Reached target Network.
[[0;32m  OK  [0m] Reached target Host and Network Name Lookups.
[[0;32m  OK  [0m] Started Wait for Network to be Configured.
         Starting Initial cloud-init job (metadata service crawler)...
[   11.781418] cloud-init[974]: Cloud-init v. 22.3.4-0ubuntu1~18.04.1 running 'init' at Fri, 28 Oct 2022 14:08:29 +0000. Up 11.61 seconds.
[   11.783598] cloud-init[974]: ci-info: ++++++++++++++++++++++++++++++++++++++Net device info+++++++++++++++++++++++++++++++++++++++
[   11.784517] cloud-init[974]: ci-info: +--------+-------+----------------------------+---------------+--------+-------------------+
[   11.786036] cloud-init[974]: ci-info: | Device |   Up  |          Address           |      Mask     | Scope  |     Hw-Address    |
[   11.786856] cloud-init[974]: ci-info: +--------+-------+----------------------------+---------------+--------+-------------------+
[   11.787765] cloud-init[974]: ci-info: | enp0s3 |  True |         10.0.2.15          | 255.255.255.0 | global | 02:ef:f7:70:2e:71 |
[   11.788642] cloud-init[974]: ci-info: | enp0s3 |  True | fe80::ef:f7ff:fe70:2e71/64 |       .       |  link  | 02:ef:f7:70:2e:71 |
[   11.789485] cloud-init[974]: ci-info: | enp0s8 | False |             .              |       .       |   .    | 08:00:27:5d:ba:3a |
[   11.790346] cloud-init[974]: ci-info: |   lo   |  True |         127.0.0.1          |   255.0.0.0   |  host  |         .         |
[   11.791184] cloud-init[974]: ci-info: |   lo   |  True |          ::1/128           |       .       |  host  |         .         |
[   11.792084] cloud-init[974]: ci-info: +--------+-------+----------------------------+---------------+--------+-------------------+
[   11.792935] cloud-init[974]: ci-info: ++++++++++++++++++++++++++++Route IPv4 info+++++++++++++++++++++++++++++
[   11.793679] cloud-init[974]: ci-info: +-------+-------------+----------+-----------------+-----------+-------+
[   11.794442] cloud-init[974]: ci-info: | Route | Destination | Gateway  |     Genmask     | Interface | Flags |
[   11.795210] cloud-init[974]: ci-info: +-------+-------------+----------+-----------------+-----------+-------+
[   11.795998] cloud-init[974]: ci-info: |   0   |   0.0.0.0   | 10.0.2.2 |     0.0.0.0     |   enp0s3  |   UG  |
[   11.796813] cloud-init[974]: ci-info: |   1   |   10.0.2.0  | 0.0.0.0  |  255.255.255.0  |   enp0s3  |   U   |
[   11.797545] cloud-init[974]: ci-info: |   2   |   10.0.2.2  | 0.0.0.0  | 255.255.255.255 |   enp0s3  |   UH  |
[   11.798308] cloud-init[974]: ci-info: +-------+-------------+----------+-----------------+-----------+-------+
[   11.799058] cloud-init[974]: ci-info: +++++++++++++++++++Route IPv6 info+++++++++++++++++++
[   11.799754] cloud-init[974]: ci-info: +-------+-------------+---------+-----------+-------+
[   11.800441] cloud-init[974]: ci-info: | Route | Destination | Gateway | Interface | Flags |
[   11.801079] cloud-init[974]: ci-info: +-------+-------------+---------+-----------+-------+
[   11.801782] cloud-init[974]: ci-info: |   1   |  fe80::/64  |    ::   |   enp0s3  |   U   |
[   11.802452] cloud-init[974]: ci-info: |   3   |    local    |    ::   |   enp0s3  |   U   |
[   11.803134] cloud-init[974]: ci-info: |   4   |   ff00::/8  |    ::   |   enp0s3  |   U   |
[   11.803804] cloud-init[974]: ci-info: +-------+-------------+---------+-----------+-------+
[   12.595650] cloud-init[974]: Generating public/private rsa key pair.
[   12.596362] cloud-init[974]: Your identification has been saved in /etc/ssh/ssh_host_rsa_key.
[   12.596903] cloud-init[974]: Your public key has been saved in /etc/ssh/ssh_host_rsa_key.pub.
[   12.597435] cloud-init[974]: The key fingerprint is:
[   12.597987] cloud-init[974]: SHA256:ElPjv0o9QxW71k/POgGHfIsV1lG58q36p/BFaKR5OFM root@ubuntu-bionic
[   12.598683] cloud-init[974]: The key's randomart image is:
[   12.599206] cloud-init[974]: +---[RSA 2048]----+
[   12.599698] cloud-init[974]: |        o   .  o=|
[   12.600294] cloud-init[974]: |       o .   oo..|
[   12.600781] cloud-init[974]: |      o .  .ooE..|
[   12.601282] cloud-init[974]: |       o . .+X+o |
[   12.601756] cloud-init[974]: |      . S o O*B.+|
[   12.602244] cloud-init[974]: |       . o o.=o*o|
[   12.602778] cloud-init[974]: |        . = .  o=|
[   12.603260] cloud-init[974]: |       . . o ooo.|
[   12.603751] cloud-init[974]: |        .   .o=+ |
[   12.604352] cloud-init[974]: +----[SHA256]-----+
[   12.604854] cloud-init[974]: Generating public/private dsa key pair.
[   12.605419] cloud-init[974]: Your identification has been saved in /etc/ssh/ssh_host_dsa_key.
[   12.606124] cloud-init[974]: Your public key has been saved in /etc/ssh/ssh_host_dsa_key.pub.
[   12.606802] cloud-init[974]: The key fingerprint is:
[   12.607280] cloud-init[974]: SHA256:7G3V2JwAN2PnIpna5hpg3SIv/XudGhUZcIOrs26mKBw root@ubuntu-bionic
[   12.607989] cloud-init[974]: The key's randomart image is:
[   12.608593] cloud-init[974]: +---[DSA 1024]----+
[   12.609102] cloud-init[974]: |          . *o=  |
[   12.609564] cloud-init[974]: |           *.* + |
[   12.610185] cloud-init[974]: |          + o.+  |
[   12.610676] cloud-init[974]: |       o + ..B o |
[   12.611137] cloud-init[974]: |      + S +.o *  |
[   12.611639] cloud-init[974]: |    E. * =o. .   |
[   12.612181] cloud-init[974]: |   . .. = +o.. . |
[   12.612687] cloud-init[974]: |    o  o =+ ..o  |
[   12.613171] cloud-init[974]: |     .. o=+o..   |
[   12.613659] cloud-init[974]: +----[SHA256]-----+
[   12.614189] cloud-init[974]: Generating public/private ecdsa key pair.
[   12.614765] cloud-init[974]: Your identification has been saved in /etc/ssh/ssh_host_ecdsa_key.
[   12.615489] cloud-init[974]: Your public key has been saved in /etc/ssh/ssh_host_ecdsa_key.pub.
[   12.616132] cloud-init[974]: The key fingerprint is:
[   12.616708] cloud-init[974]: SHA256:1vJzRpV1ljXpfxwqQgbHbj9+FeDJ9tA7bFXps3yfE1I root@ubuntu-bionic
[   12.617407] cloud-init[974]: The key's randomart image is:
[   12.617918] cloud-init[974]: +---[ECDSA 256]---+
[   12.618452] cloud-init[974]: |        .      .X|
[   12.618938] cloud-init[974]: |       . o   . B+|
[   12.619427] cloud-init[974]: |        +   o O .|
[   12.619921] cloud-init[974]: |         *   B E.|
[   12.620461] cloud-init[974]: |        S o o B.O|
[   12.620857] cloud-init[974]: |       . + = o @=|
[   12.621272] cloud-init[974]: |          = = + B|
[   12.621780] cloud-init[974]: |           = . o.|
[   12.632500] cloud-init[974]: |            .   .|
[   12.632956] cloud-init[974]: +----[SHA256]-----+
[   12.633419] cloud-init[974]: Generating public/private ed25519 key pair.
[   12.634059] cloud-init[974]: Your identification has been saved in /etc/ssh/ssh_host_ed25519_key.
[   12.634783] cloud-init[974]: Your public key has been saved in /etc/ssh/ssh_host_ed25519_key.pub.
[   12.635481] cloud-init[974]: The key fingerprint is:
[   12.635968] cloud-init[974]: SHA256:ZmI5wTexD/2X9zMd01S0aUe4YYbpP4xuGqgJitGs+8k root@ubuntu-bionic
[   12.636714] cloud-init[974]: The key's randomart image is:
[   12.637265] cloud-init[974]: +--[ED25519 256]--+
[   12.637739] cloud-init[974]: |        .    o o+|
[   12.638285] cloud-init[974]: |     .   +  o =.+|
[   12.638790] cloud-init[974]: |      o = .. o *o|
[   12.639271] cloud-init[974]: |       + + .. ooo|
[   12.639744] cloud-init[974]: |      = S . .+ooo|
[   12.640316] cloud-init[974]: | o   . = .  ..+.=|
[   12.640805] cloud-init[974]: |. o .   . ..   +o|
[   12.641279] cloud-init[974]: | = o . o   .o   o|
[   12.641814] cloud-init[974]: |+oE   o   .o     |
[   12.642300] cloud-init[974]: +----[SHA256]-----+
[[0;32m  OK  [0m] Started Initial cloud-init job (metadata service crawler).
[[0;32m  OK  [0m] Reached target Cloud-config availability.
[[0;32m  OK  [0m] Reached target System Initialization.
[[0;32m  OK  [0m] Started Message of the Day.
[[0;32m  OK  [0m] Listening on ACPID Listen Socket.
[[0;32m  OK  [0m] Started Discard unused blocks once a week.
         Starting Socket activation for snappy daemon.
[[0;32m  OK  [0m] Started Ubuntu Advantage Timer for running repeated jobs.
[[0;32m  OK  [0m] Listening on cloud-init hotplug hook socket.
[[0;32m  OK  [0m] Listening on UUID daemon activation socket.
[[0;32m  OK  [0m] Started Daily Cleanup of Temporary Directories.
[[0;32m  OK  [0m] Started Daily apt download activities.
[[0;32m  OK  [0m] Listening on D-Bus System Message Bus Socket.
[[0;32m  OK  [0m] Started ACPI Events Check.
         Starting LXD - unix socket.
[[0;32m  OK  [0m] Started Daily apt upgrade and clean activities.
[[0;32m  OK  [0m] Reached target Timers.
[[0;32m  OK  [0m] Listening on Open-iSCSI iscsid Socket.
[[0;32m  OK  [0m] Reached target Paths.
[[0;32m  OK  [0m] Reached target Network is Online.
[[0;32m  OK  [0m] Reached target Remote File Systems (Pre).
[[0;32m  OK  [0m] Reached target Remote File Systems.
         Starting Availability of block devices...
[[0;32m  OK  [0m] Listening on Socket activation for snappy daemon.
[[0;32m  OK  [0m] Listening on LXD - unix socket.
[[0;32m  OK  [0m] Reached target Sockets.
[[0;32m  OK  [0m] Reached target Basic System.
         Starting Dispatcher daemon for systemd-networkd...
         Starting Pollinate to seed the pseudo random number generator...
[[0;32m  OK  [0m] Started Regular background program processing daemon.
         Starting LSB: Record successful boot for GRUB...
         Starting System Logging Service...
         Starting Virtualbox guest utils...
         Starting Accounts Service...
         Starting Login Service...
         Starting LSB: automatic crash report generation...
[[0;32m  OK  [0m] Started FUSE filesystem for LXC.
         Starting LXD - container startup/shutdown...
[[0;32m  OK  [0m] Started irqbalance daemon.
[[0;32m  OK  [0m] Started D-Bus System Message Bus.
[[0;32m  OK  [0m] Started Login Service.
         Starting Permit User Sessions...
[[0;32m  OK  [0m] Started Unattended Upgrades Shutdown.
[[0;32m  OK  [0m] Started Deferred execution scheduler.
         Starting Snap Daemon...
[[0;32m  OK  [0m] Started System Logging Service.
[[0;32m  OK  [0m] Started Availability of block devices.
[[0;32m  OK  [0m] Started Permit User Sessions.
         Starting Authorization Manager...
         Starting Terminate Plymouth Boot Screen...
         Starting Hold until boot process finishes up...
[[0;32m  OK  [0m] Started Hold until boot process finishes up.
         Starting Set console scheme...
[[0;32m  OK  [0m] Started Serial Getty on ttyS0.
[[0;32m  OK  [0m] Started Terminate Plymouth Boot Screen.
[[0;32m  OK  [0m] Started LSB: automatic crash report generation.
[[0;32m  OK  [0m] Started Dispatcher daemon for systemd-networkd.
[[0;32m  OK  [0m] Started Set console scheme.
[[0;32m  OK  [0m] Created slice system-getty.slice.
[[0;32m  OK  [0m] Started Getty on tty1.
[[0;32m  OK  [0m] Reached target Login Prompts.
[[0;32m  OK  [0m] Started LXD - container startup/shutdown.
[[0;32m  OK  [0m] Started LSB: Record successful boot for GRUB.
[[0;32m  OK  [0m] Started Authorization Manager.
[[0;32m  OK  [0m] Started Accounts Service.
[[0;32m  OK  [0m] Started Virtualbox guest utils.
[[0;32m  OK  [0m] Started Snap Daemon.
         Starting Wait until snapd is fully seeded...
         Starting Time & Date Service...
[[0;32m  OK  [0m] Started Time & Date Service.
[[0;32m  OK  [0m] Started Pollinate to seed the pseudo random number generator.
         Starting OpenBSD Secure Shell server...
[[0;32m  OK  [0m] Started OpenBSD Secure Shell server.
[[0;32m  OK  [0m] Created slice User Slice of vagrant.
         Starting User Manager for UID 1000...
[[0;32m  OK  [0m] Started Session 1 of user vagrant.
[[0;32m  OK  [0m] Started User Manager for UID 1000.
[[0;32m  OK  [0m] Started Wait until snapd is fully seeded.
         Starting Apply the settings specified in cloud-config...
[   16.833448] cloud-init[1543]: Cloud-init v. 22.3.4-0ubuntu1~18.04.1 running 'modules:config' at Fri, 28 Oct 2022 14:08:33 +0000. Up 16.34 seconds.
[[0;32m  OK  [0m] Started Apply the settings specified in cloud-config.
[[0;32m  OK  [0m] Reached target Multi-User System.
[[0;32m  OK  [0m] Reached target Graphical Interface.
         Starting Update UTMP about System Runlevel Changes...
         Starting Execute cloud user/final scripts...
[[0;32m  OK  [0m] Started Update UTMP about System Runlevel Changes.
ci-info: no authorized SSH keys fingerprints found for user ubuntu.
<14>Oct 28 14:08:35 cloud-init: #############################################################
<14>Oct 28 14:08:35 cloud-init: -----BEGIN SSH HOST KEY FINGERPRINTS-----
<14>Oct 28 14:08:35 cloud-init: 1024 SHA256:7G3V2JwAN2PnIpna5hpg3SIv/XudGhUZcIOrs26mKBw root@ubuntu-bionic (DSA)
<14>Oct 28 14:08:35 cloud-init: 256 SHA256:1vJzRpV1ljXpfxwqQgbHbj9+FeDJ9tA7bFXps3yfE1I root@ubuntu-bionic (ECDSA)
<14>Oct 28 14:08:35 cloud-init: 256 SHA256:ZmI5wTexD/2X9zMd01S0aUe4YYbpP4xuGqgJitGs+8k root@ubuntu-bionic (ED25519)
<14>Oct 28 14:08:35 cloud-init: 2048 SHA256:ElPjv0o9QxW71k/POgGHfIsV1lG58q36p/BFaKR5OFM root@ubuntu-bionic (RSA)
<14>Oct 28 14:08:35 cloud-init: -----END SSH HOST KEY FINGERPRINTS-----
<14>Oct 28 14:08:35 cloud-init: #############################################################
-----BEGIN SSH HOST KEY KEYS-----
ecdsa-sha2-nistp256 AAAAE2VjZHNhLXNoYTItbmlzdHAyNTYAAAAIbmlzdHAyNTYAAABBBDuj6KeyvYHzC2PpwtRtASWA405tjPx4SYCToSk3uyNuljv7N3+jR6qdv3BnAAaVLMYmXDUMlJpOtknxj23Xa+0= root@ubuntu-bionic
ssh-ed25519 AAAAC3NzaC1lZDI1NTE5AAAAIPwH3zSXjg09VXr+Bg3QrXSqXmoaUGYVv4F8yr4dCRuE root@ubuntu-bionic
ssh-rsa AAAAB3NzaC1yc2EAAAADAQABAAABAQC+wnIBLCw36q7vz4qRjCzijiuPlbKNdkiFkzCtILcVfB4rg5APRE5NMsyQ56Qb061coiXgXElcyd6NoILx1ciw3adA/Q0DOa+ivnk0rawZzB/UXnJ2Gj3pwzL/wpWMrH/Su8nMLwLGAiWvJTTV4dg1ylC0473hTy5WZ64uWQEX+RYj0sAxoIrN/qkCZSeuPsmZrqg8nMUg79z9YCFaXDJhabws5oq6wZSUFTDsf5kRN90ikowXAENko19wGq/bDq/1h1YqCGMU034QsZ/xy6xbQyBVel8h1YksJGkUOzkGs6YJlLtBuzDC1PEj8bNEfg9/RC4b8J+dQAWhE/ikW7PP root@ubuntu-bionic
-----END SSH HOST KEY KEYS-----
[   17.650232] cloud-init[1639]: Cloud-init v. 22.3.4-0ubuntu1~18.04.1 running 'modules:final' at Fri, 28 Oct 2022 14:08:35 +0000. Up 17.44 seconds.
[   17.651492] cloud-init[1639]: Cloud-init v. 22.3.4-0ubuntu1~18.04.1 finished at Fri, 28 Oct 2022 14:08:35 +0000. Datasource DataSourceNoCloud [seed=/dev/sdb][dsmode=net].  Up 17.64 seconds
[[0;32m  OK  [0m] Started Execute cloud user/final scripts.
[[0;32m  OK  [0m] Reached target Cloud-init target.

Ubuntu 18.04.6 LTS ubuntu-bionic ttyS0

ubuntu-bionic login: 